<?xml version="1.0" encoding="UTF-8"?>
<!-- Generated by org.testng.reporters.JUnitReportReporter -->
<testsuite hostname="LAPTOP-F8VFH2TR" failures="0" tests="1" name="rahulshettyacademy.tests.DeleteProductsFromCart" time="30.194" errors="0" timestamp="09 Mar 2024 09:33:31 GMT" skipped="0">
  <testcase classname="rahulshettyacademy.tests.DeleteProductsFromCart" name="deleteProducts" time="30.194"/>
</testsuite> <!-- rahulshettyacademy.tests.DeleteProductsFromCart -->
