<?xml version="1.0" encoding="UTF-8"?>
<!-- Generated by org.testng.reporters.JUnitReportReporter -->
<testsuite hostname="LAPTOP-F8VFH2TR" failures="0" tests="1" name="rahulshettyacademy.tests.TestDeleteMultiple" time="75.363" errors="0" timestamp="09 Mar 2024 09:20:55 GMT" skipped="0">
  <testcase classname="rahulshettyacademy.tests.TestDeleteMultiple" name="deleteProductFromcart" time="75.363"/>
</testsuite> <!-- rahulshettyacademy.tests.TestDeleteMultiple -->
